TN:
SF:app/+not-found.tsx
FN:4,NotFoundScreen
FNF:1
FNH:1
FNDA:3,NotFoundScreen
DA:1,1
DA:2,1
DA:3,1
DA:4,1
DA:5,3
DA:6,3
DA:7,3
DA:8,3
DA:9,3
DA:10,3
DA:11,3
DA:12,3
DA:13,3
DA:14,3
DA:15,3
DA:16,3
DA:17,3
DA:18,3
DA:19,3
DA:20,3
LF:20
LH:20
BRDA:4,0,0,3
BRF:1
BRH:1
end_of_record
TN:
SF:app/modal.tsx
FN:7,ModalScreen
FNF:1
FNH:1
FNDA:3,ModalScreen
DA:1,1
DA:2,1
DA:3,1
DA:4,1
DA:5,1
DA:6,1
DA:7,1
DA:8,3
DA:9,3
DA:10,3
DA:11,3
DA:12,3
DA:13,3
DA:14,3
DA:15,3
DA:16,3
DA:17,1
DA:18,1
DA:19,1
DA:20,1
DA:21,1
DA:22,1
DA:23,1
DA:24,1
DA:25,1
DA:26,1
DA:27,1
DA:28,1
DA:29,1
LF:29
LH:29
BRDA:7,0,0,3
BRF:1
BRH:1
end_of_record
TN:
SF:app/(main)/all-requests.tsx
FN:4,AllRequests
FNF:1
FNH:1
FNDA:4,AllRequests
DA:1,1
DA:2,1
DA:3,1
DA:4,1
DA:5,4
DA:6,4
DA:7,4
DA:8,4
DA:9,4
DA:10,4
DA:11,4
DA:12,4
DA:13,4
DA:14,4
DA:15,4
DA:16,4
DA:17,4
DA:18,4
DA:19,4
DA:20,4
LF:20
LH:20
BRDA:4,0,0,4
BRF:1
BRH:1
end_of_record
TN:
SF:app/(main)/home.tsx
FN:5,Home
FNF:1
FNH:1
FNDA:6,Home
DA:1,1
DA:2,1
DA:3,1
DA:4,1
DA:5,1
DA:6,6
DA:7,6
DA:8,6
DA:9,6
DA:10,6
DA:11,6
DA:12,6
DA:13,6
DA:14,6
DA:15,6
DA:16,6
DA:17,6
DA:18,6
DA:19,6
DA:20,6
DA:21,6
DA:22,6
DA:23,6
DA:24,6
DA:25,6
DA:26,6
DA:27,6
DA:28,6
DA:29,6
DA:30,6
DA:31,6
DA:32,6
DA:33,6
DA:34,6
LF:34
LH:34
BRDA:5,0,0,6
BRF:1
BRH:1
end_of_record
TN:
SF:app/(main)/profile.tsx
FN:2,Profile
FNF:1
FNH:1
FNDA:2,Profile
DA:1,1
DA:2,1
DA:3,2
DA:4,2
DA:5,2
DA:6,2
DA:7,2
DA:8,2
DA:9,2
DA:10,2
LF:10
LH:10
BRDA:2,0,0,2
BRF:1
BRH:1
end_of_record
TN:
SF:app/(main)/request.tsx
FN:2,Profile
FNF:1
FNH:1
FNDA:2,Profile
DA:1,1
DA:2,1
DA:3,2
DA:4,2
DA:5,2
DA:6,2
DA:7,2
DA:8,2
DA:9,2
DA:10,2
LF:10
LH:10
BRDA:2,0,0,2
BRF:1
BRH:1
end_of_record
TN:
SF:app/(tabs)/explore.tsx
FN:12,TabTwoScreen
FNF:1
FNH:1
FNDA:6,TabTwoScreen
DA:1,1
DA:2,1
DA:3,1
DA:4,1
DA:5,1
DA:6,1
DA:7,1
DA:8,1
DA:9,1
DA:10,1
DA:11,1
DA:12,1
DA:13,6
DA:14,6
DA:15,6
DA:16,6
DA:17,6
DA:18,6
DA:19,6
DA:20,6
DA:21,6
DA:22,6
DA:23,6
DA:24,6
DA:25,6
DA:26,6
DA:27,6
DA:28,6
DA:29,6
DA:30,6
DA:31,6
DA:32,6
DA:33,6
DA:34,6
DA:35,6
DA:36,6
DA:37,6
DA:38,6
DA:39,6
DA:40,6
DA:41,6
DA:42,6
DA:43,6
DA:44,6
DA:45,6
DA:46,6
DA:47,6
DA:48,6
DA:49,6
DA:50,6
DA:51,6
DA:52,6
DA:53,6
DA:54,6
DA:55,6
DA:56,6
DA:57,6
DA:58,6
DA:59,6
DA:60,6
DA:61,6
DA:62,6
DA:63,6
DA:64,6
DA:65,6
DA:66,6
DA:67,6
DA:68,6
DA:69,6
DA:70,6
DA:71,6
DA:72,6
DA:73,6
DA:74,6
DA:75,6
DA:76,6
DA:77,6
DA:78,6
DA:79,6
DA:80,6
DA:81,6
DA:82,6
DA:83,6
DA:84,6
DA:85,6
DA:86,6
DA:87,6
DA:88,6
DA:89,6
DA:90,6
DA:91,6
DA:92,6
DA:93,6
DA:94,6
DA:95,6
DA:96,6
DA:97,6
DA:98,6
DA:99,6
DA:100,1
DA:101,1
DA:102,1
DA:103,1
DA:104,1
DA:105,1
DA:106,1
DA:107,1
DA:108,1
DA:109,1
DA:110,1
DA:111,1
DA:112,1
LF:112
LH:112
BRDA:12,0,0,6
BRF:1
BRH:1
end_of_record
TN:
SF:app/(tabs)/index.tsx
FN:2,HomeScreen
FNF:1
FNH:1
FNDA:2,HomeScreen
DA:1,1
DA:2,1
DA:3,2
DA:4,2
LF:4
LH:4
BRDA:2,0,0,2
BRF:1
BRH:1
end_of_record
TN:
SF:app/(tabs)/onboarding.tsx
FN:32,Onboarding
FN:45,onPress
FN:92,onPress
FN:97,onPress
FNF:4
FNH:2
FNDA:15,Onboarding
FNDA:0,onPress
FNDA:0,onPress
FNDA:5,onPress
DA:1,1
DA:2,1
DA:3,1
DA:4,1
DA:5,1
DA:6,1
DA:7,1
DA:8,1
DA:9,1
DA:10,1
DA:11,1
DA:12,1
DA:13,1
DA:14,1
DA:15,1
DA:16,1
DA:17,1
DA:18,1
DA:19,1
DA:20,1
DA:21,1
DA:22,1
DA:23,1
DA:24,1
DA:25,1
DA:26,1
DA:27,1
DA:28,1
DA:29,1
DA:30,1
DA:31,1
DA:32,1
DA:33,15
DA:34,15
DA:35,15
DA:36,15
DA:37,15
DA:38,15
DA:39,15
DA:40,15
DA:41,15
DA:42,15
DA:43,15
DA:44,15
DA:45,15
DA:46,0
DA:47,0
DA:48,15
DA:49,15
DA:50,15
DA:51,15
DA:52,15
DA:53,15
DA:54,15
DA:55,15
DA:56,15
DA:57,15
DA:58,15
DA:59,15
DA:60,15
DA:61,15
DA:62,15
DA:63,15
DA:64,15
DA:65,15
DA:66,15
DA:67,15
DA:68,15
DA:69,15
DA:70,15
DA:71,15
DA:72,15
DA:73,15
DA:74,15
DA:75,15
DA:76,15
DA:77,15
DA:78,15
DA:79,15
DA:80,15
DA:81,15
DA:82,15
DA:83,15
DA:84,15
DA:85,15
DA:86,15
DA:87,45
DA:88,45
DA:89,45
DA:90,45
DA:91,45
DA:92,45
DA:93,45
DA:94,15
DA:95,15
DA:96,15
DA:97,15
DA:98,5
DA:99,5
DA:100,5
DA:101,5
DA:102,0
DA:103,0
DA:104,5
DA:105,15
DA:106,15
DA:107,15
DA:108,15
DA:109,2
DA:110,15
DA:111,15
DA:112,15
DA:113,15
DA:114,15
DA:115,15
DA:116,15
LF:116
LH:112
BRDA:32,0,0,15
BRDA:109,1,0,2
BRDA:110,2,0,13
BRDA:86,3,0,45
BRDA:90,4,0,15
BRDA:90,5,0,30
BRDA:97,6,0,5
BRDA:101,7,0,0
BRDA:98,8,0,5
BRF:9
BRH:8
end_of_record
TN:
SF:components/external-link.tsx
FN:7,ExternalLink
FN:22,ExternalLink.Object.assign.onPress
FNF:2
FNH:2
FNDA:5,ExternalLink
FNDA:1,ExternalLink.Object.assign.onPress
DA:1,1
DA:2,1
DA:3,1
DA:4,1
DA:5,1
DA:6,1
DA:7,1
DA:8,5
DA:9,5
DA:10,5
DA:11,5
DA:12,5
DA:13,5
DA:14,1
DA:15,1
DA:16,1
DA:17,1
DA:18,1
DA:19,1
DA:20,1
DA:21,1
DA:22,5
DA:23,5
DA:24,5
DA:25,5
LF:25
LH:25
BRDA:7,0,0,5
BRDA:13,1,0,5
BRDA:13,2,0,1
BRDA:22,3,0,1
BRF:4
BRH:4
end_of_record
TN:
SF:components/haptic-tab.tsx
FN:5,HapticTab
FN:9,onPressIn
FNF:2
FNH:2
FNDA:4,HapticTab
FNDA:3,onPressIn
DA:1,1
DA:2,1
DA:3,1
DA:4,1
DA:5,1
DA:6,4
DA:7,4
DA:8,4
DA:9,4
DA:10,3
DA:11,3
DA:12,3
DA:13,3
DA:14,3
DA:15,3
DA:16,4
DA:17,4
DA:18,4
LF:18
LH:18
BRDA:5,0,0,4
BRDA:9,1,0,3
BRF:2
BRH:2
end_of_record
TN:
SF:components/hello-wave.tsx
FN:3,HelloWave
FNF:1
FNH:1
FNDA:2,HelloWave
DA:1,1
DA:2,1
DA:3,1
DA:4,2
DA:5,2
DA:6,2
DA:7,2
DA:8,2
DA:9,2
DA:10,2
DA:11,2
DA:12,2
DA:13,2
DA:14,2
DA:15,2
DA:16,2
DA:17,2
DA:18,2
DA:19,2
LF:19
LH:19
BRDA:3,0,0,2
BRF:1
BRH:1
end_of_record
TN:
SF:components/home-header.tsx
FN:9,HomeHeader
FN:39,onPress
FN:73,onPress
FNF:3
FNH:2
FNDA:19,HomeHeader
FNDA:3,onPress
FNDA:0,onPress
DA:1,1
DA:2,1
DA:3,1
DA:4,1
DA:5,1
DA:6,1
DA:7,1
DA:8,1
DA:9,1
DA:10,19
DA:11,19
DA:12,19
DA:13,19
DA:14,19
DA:15,19
DA:16,19
DA:17,19
DA:18,19
DA:19,19
DA:20,19
DA:21,19
DA:22,19
DA:23,19
DA:24,19
DA:25,19
DA:26,19
DA:27,19
DA:28,19
DA:29,19
DA:30,19
DA:31,19
DA:32,19
DA:33,19
DA:34,19
DA:35,19
DA:36,19
DA:37,19
DA:38,19
DA:39,19
DA:40,19
DA:41,19
DA:42,19
DA:43,19
DA:44,19
DA:45,19
DA:46,19
DA:47,19
DA:48,19
DA:49,2
DA:50,2
DA:51,2
DA:52,2
DA:53,2
DA:54,2
DA:55,2
DA:56,2
DA:57,2
DA:58,2
DA:59,2
DA:60,19
DA:61,19
DA:62,19
DA:63,19
DA:64,2
DA:65,2
DA:66,2
DA:67,2
DA:68,2
DA:69,2
DA:70,2
DA:71,2
DA:72,2
DA:73,2
DA:74,2
DA:75,19
DA:76,19
DA:77,19
DA:78,19
LF:78
LH:78
BRDA:9,0,0,19
BRDA:48,1,0,2
BRDA:63,2,0,2
BRDA:39,3,0,3
BRF:4
BRH:4
end_of_record
TN:
SF:components/my-requests.tsx
FN:66,RequestItemFinding
FN:97,RequestItemMatched
FN:154,MyRequests
FNF:3
FNH:3
FNDA:35,RequestItemFinding
FNDA:38,RequestItemMatched
FNDA:19,MyRequests
DA:1,1
DA:2,1
DA:3,1
DA:4,1
DA:5,1
DA:6,1
DA:7,1
DA:8,1
DA:9,1
DA:10,1
DA:11,1
DA:12,1
DA:13,1
DA:14,1
DA:15,1
DA:16,1
DA:17,1
DA:18,1
DA:19,1
DA:20,1
DA:21,1
DA:22,1
DA:23,1
DA:24,1
DA:25,1
DA:26,1
DA:27,1
DA:28,1
DA:29,1
DA:30,1
DA:31,1
DA:32,1
DA:33,1
DA:34,1
DA:35,1
DA:36,1
DA:37,1
DA:38,1
DA:39,1
DA:40,1
DA:41,1
DA:42,1
DA:43,1
DA:44,1
DA:45,1
DA:46,1
DA:47,1
DA:48,1
DA:49,1
DA:50,1
DA:51,1
DA:52,1
DA:53,1
DA:54,1
DA:55,1
DA:56,1
DA:57,1
DA:58,1
DA:59,1
DA:60,1
DA:61,1
DA:62,1
DA:63,1
DA:64,1
DA:65,1
DA:66,35
DA:67,35
DA:68,35
DA:69,35
DA:70,35
DA:71,35
DA:72,35
DA:73,35
DA:74,35
DA:75,35
DA:76,35
DA:77,35
DA:78,35
DA:79,35
DA:80,35
DA:81,35
DA:82,35
DA:83,35
DA:84,35
DA:85,35
DA:86,35
DA:87,35
DA:88,35
DA:89,35
DA:90,35
DA:91,35
DA:92,35
DA:93,35
DA:94,35
DA:95,35
DA:96,1
DA:97,38
DA:98,38
DA:99,38
DA:100,38
DA:101,38
DA:102,38
DA:103,38
DA:104,38
DA:105,38
DA:106,38
DA:107,38
DA:108,38
DA:109,38
DA:110,38
DA:111,38
DA:112,38
DA:113,38
DA:114,38
DA:115,38
DA:116,38
DA:117,38
DA:118,38
DA:119,38
DA:120,38
DA:121,38
DA:122,38
DA:123,38
DA:124,38
DA:125,38
DA:126,38
DA:127,38
DA:128,38
DA:129,38
DA:130,38
DA:131,38
DA:132,38
DA:133,38
DA:134,38
DA:135,38
DA:136,38
DA:137,38
DA:138,38
DA:139,38
DA:140,38
DA:141,38
DA:142,38
DA:143,38
DA:144,38
DA:145,38
DA:146,38
DA:147,38
DA:148,38
DA:149,38
DA:150,38
DA:151,38
DA:152,38
DA:153,1
DA:154,1
DA:155,19
DA:156,19
DA:157,19
DA:158,19
DA:159,19
DA:160,19
DA:161,19
DA:162,19
DA:163,19
DA:164,19
DA:165,11
DA:166,11
DA:167,11
DA:168,11
DA:169,11
DA:170,11
DA:171,11
DA:172,19
DA:173,19
DA:174,19
DA:175,19
DA:176,19
DA:177,19
DA:178,73
DA:179,73
DA:180,35
DA:181,38
DA:182,38
DA:183,73
DA:184,73
DA:185,19
DA:186,19
DA:187,19
DA:188,19
DA:189,19
LF:189
LH:189
BRDA:66,0,0,35
BRDA:80,1,0,0
BRDA:97,2,0,38
BRDA:121,3,0,0
BRDA:129,4,0,0
BRDA:154,5,0,19
BRDA:155,6,0,8
BRDA:155,7,0,11
BRDA:164,8,0,11
BRDA:177,9,0,73
BRDA:179,10,0,35
BRDA:181,11,0,38
BRF:12
BRH:9
end_of_record
TN:
SF:components/notification.tsx
FN:8,Notification
FN:34,renderIcon
FNF:2
FNH:2
FNDA:9,Notification
FNDA:27,renderIcon
DA:1,1
DA:2,1
DA:3,1
DA:4,1
DA:5,1
DA:6,1
DA:7,1
DA:8,1
DA:9,9
DA:10,9
DA:11,9
DA:12,9
DA:13,9
DA:14,9
DA:15,9
DA:16,9
DA:17,9
DA:18,9
DA:19,9
DA:20,9
DA:21,9
DA:22,9
DA:23,9
DA:24,9
DA:25,9
DA:26,9
DA:27,9
DA:28,9
DA:29,9
DA:30,9
DA:31,9
DA:32,9
DA:33,9
DA:34,9
DA:35,27
DA:36,27
DA:37,9
DA:38,9
DA:39,9
DA:40,9
DA:41,27
DA:42,27
DA:43,9
DA:44,9
DA:45,9
DA:46,9
DA:47,27
DA:48,27
DA:49,9
DA:50,9
DA:51,9
DA:52,9
DA:53,27
DA:54,27
DA:55,0
DA:56,27
DA:57,9
DA:58,9
DA:59,9
DA:60,9
DA:61,9
DA:62,9
DA:63,9
DA:64,9
DA:65,9
DA:66,9
DA:67,9
DA:68,9
DA:69,9
DA:70,9
DA:71,9
DA:72,9
DA:73,9
DA:74,9
DA:75,9
DA:76,9
DA:77,9
DA:78,9
DA:79,9
DA:80,9
DA:81,9
DA:82,9
DA:83,9
DA:84,9
DA:85,27
DA:86,27
DA:87,27
DA:88,27
DA:89,27
DA:90,27
DA:91,27
DA:92,27
DA:93,27
DA:94,27
DA:95,27
DA:96,27
DA:97,27
DA:98,27
DA:99,27
DA:100,9
DA:101,9
DA:102,9
DA:103,9
DA:104,9
DA:105,9
DA:106,9
DA:107,9
DA:108,9
DA:109,9
DA:110,9
DA:111,9
LF:111
LH:110
BRDA:8,0,0,9
BRDA:34,1,0,27
BRDA:36,2,0,9
BRDA:42,3,0,9
BRDA:48,4,0,9
BRDA:54,5,0,0
BRDA:84,6,0,27
BRDA:87,7,0,18
BRDA:87,8,0,9
BRF:9
BRH:8
end_of_record
TN:
SF:components/parallax-scroll-view.tsx
FN:22,ParallaxScrollView
FN:31,parallaxScrollViewTsx1Factory
FN:32,parallaxScrollViewTsx1
FN:34,parallaxScrollViewTsx2Factory
FN:40,parallaxScrollViewTsx2
FNF:5
FNH:4
FNDA:10,ParallaxScrollView
FNDA:10,parallaxScrollViewTsx1Factory
FNDA:0,parallaxScrollViewTsx1
FNDA:10,parallaxScrollViewTsx2Factory
FNDA:10,parallaxScrollViewTsx2
DA:1,1
DA:2,1
DA:3,1
DA:4,1
DA:5,1
DA:6,1
DA:7,1
DA:8,1
DA:9,1
DA:10,1
DA:11,1
DA:12,1
DA:13,1
DA:14,1
DA:15,1
DA:16,1
DA:17,1
DA:18,1
DA:19,1
DA:20,1
DA:21,1
DA:22,1
DA:23,10
DA:24,10
DA:25,10
DA:26,10
DA:27,10
DA:28,10
DA:29,10
DA:30,10
DA:31,10
DA:32,10
DA:33,10
DA:34,10
DA:35,10
DA:36,10
DA:37,10
DA:38,10
DA:39,10
DA:40,10
DA:41,10
DA:42,10
DA:43,10
DA:44,10
DA:45,10
DA:46,10
DA:47,10
DA:48,10
DA:49,10
DA:50,10
DA:51,10
DA:52,10
DA:53,10
DA:54,10
DA:55,10
DA:56,10
DA:57,10
DA:58,10
DA:59,10
DA:60,10
DA:61,10
DA:62,10
DA:63,10
DA:64,10
DA:65,10
DA:66,10
DA:67,10
DA:68,10
DA:69,10
DA:70,10
DA:71,10
DA:72,10
DA:73,10
DA:74,10
DA:75,1
DA:76,1
DA:77,1
DA:78,1
DA:79,1
DA:80,1
DA:81,1
DA:82,1
DA:83,1
DA:84,1
DA:85,1
DA:86,1
DA:87,1
DA:88,1
DA:89,1
DA:90,1
LF:90
LH:90
BRDA:22,0,0,10
BRDA:28,1,0,0
BRDA:31,2,0,10
BRDA:34,3,0,10
BRDA:40,4,0,10
BRF:5
BRH:4
end_of_record
TN:
SF:components/quickactions.tsx
FN:5,QuickActions
FNF:1
FNH:1
FNDA:11,QuickActions
DA:1,1
DA:2,1
DA:3,1
DA:4,1
DA:5,1
DA:6,11
DA:7,11
DA:8,11
DA:9,11
DA:10,11
DA:11,11
DA:12,11
DA:13,11
DA:14,11
DA:15,11
DA:16,11
DA:17,11
DA:18,11
DA:19,11
DA:20,11
DA:21,11
DA:22,11
DA:23,11
DA:24,11
DA:25,11
DA:26,11
DA:27,11
DA:28,11
DA:29,11
DA:30,11
DA:31,11
DA:32,11
DA:33,11
DA:34,11
DA:35,11
DA:36,11
DA:37,11
DA:38,11
DA:39,11
DA:40,11
DA:41,11
LF:41
LH:41
BRDA:5,0,0,11
BRF:1
BRH:1
end_of_record
TN:
SF:components/themed-text.tsx
FN:9,ThemedText
FNF:1
FNH:1
FNDA:763,ThemedText
DA:1,1
DA:2,1
DA:3,1
DA:4,1
DA:5,1
DA:6,1
DA:7,1
DA:8,1
DA:9,1
DA:10,763
DA:11,763
DA:12,763
DA:13,763
DA:14,763
DA:15,763
DA:16,763
DA:17,763
DA:18,763
DA:19,763
DA:20,763
DA:21,763
DA:22,763
DA:23,763
DA:24,763
DA:25,763
DA:26,763
DA:27,763
LF:27
LH:27
BRDA:9,0,0,763
BRDA:13,1,0,698
BRDA:13,2,0,65
BRF:3
BRH:3
end_of_record
TN:
SF:components/themed-view.tsx
FN:10,ThemedView
FNF:1
FNH:1
FNDA:283,ThemedView
DA:1,1
DA:2,1
DA:3,1
DA:4,1
DA:5,1
DA:6,1
DA:7,1
DA:8,1
DA:9,1
DA:10,1
DA:11,283
DA:12,283
DA:13,283
DA:14,283
LF:14
LH:14
BRDA:10,0,0,283
BRF:1
BRH:1
end_of_record
TN:
SF:components/ui/collapsible.tsx
FN:10,Collapsible
FN:18,onPress
FNF:2
FNH:2
FNDA:40,Collapsible
FNDA:5,onPress
DA:1,1
DA:2,1
DA:3,1
DA:4,1
DA:5,1
DA:6,1
DA:7,1
DA:8,1
DA:9,1
DA:10,1
DA:11,40
DA:12,40
DA:13,40
DA:14,40
DA:15,40
DA:16,40
DA:17,40
DA:18,40
DA:19,40
DA:20,40
DA:21,40
DA:22,40
DA:23,40
DA:24,40
DA:25,40
DA:26,40
DA:27,40
DA:28,40
DA:29,40
DA:30,40
DA:31,40
DA:32,40
DA:33,40
DA:34,1
DA:35,1
DA:36,1
DA:37,1
DA:38,1
DA:39,1
DA:40,1
DA:41,1
DA:42,1
DA:43,1
DA:44,1
DA:45,1
LF:45
LH:45
BRDA:10,0,0,40
BRDA:12,1,0,0
BRDA:24,2,0,0
BRDA:25,3,0,4
BRDA:25,4,0,36
BRDA:30,5,0,4
BRDA:18,6,0,5
BRDA:18,7,0,5
BRF:8
BRH:6
end_of_record
TN:
SF:components/ui/icon-symbol.ios.tsx
FN:4,IconSymbol
FNF:1
FNH:1
FNDA:53,IconSymbol
DA:1,1
DA:2,1
DA:3,1
DA:4,1
DA:5,53
DA:6,53
DA:7,53
DA:8,53
DA:9,53
DA:10,53
DA:11,53
DA:12,53
DA:13,53
DA:14,53
DA:15,53
DA:16,53
DA:17,53
DA:18,53
DA:19,53
DA:20,53
DA:21,53
DA:22,53
DA:23,53
DA:24,53
DA:25,53
DA:26,53
DA:27,53
DA:28,53
DA:29,53
DA:30,53
DA:31,53
DA:32,53
LF:32
LH:32
BRDA:4,0,0,53
BRDA:6,1,0,6
BRDA:6,2,0,47
BRDA:9,3,0,13
BRDA:9,4,0,40
BRF:5
BRH:5
end_of_record
TN:
SF:components/ui/icon-symbol.tsx
FN:28,IconSymbol
FNF:1
FNH:1
FNDA:8,IconSymbol
DA:1,1
DA:2,1
DA:3,1
DA:4,1
DA:5,1
DA:6,1
DA:7,1
DA:8,1
DA:9,1
DA:10,1
DA:11,1
DA:12,1
DA:13,1
DA:14,1
DA:15,1
DA:16,1
DA:17,1
DA:18,1
DA:19,1
DA:20,1
DA:21,1
DA:22,1
DA:23,1
DA:24,1
DA:25,1
DA:26,1
DA:27,1
DA:28,1
DA:29,8
DA:30,8
DA:31,8
DA:32,8
DA:33,8
DA:34,8
DA:35,8
DA:36,8
DA:37,8
DA:38,8
DA:39,8
DA:40,8
DA:41,8
LF:41
LH:41
BRDA:28,0,0,8
BRDA:30,1,0,7
BRDA:30,2,0,1
BRF:3
BRH:3
end_of_record
TN:
SF:constants/theme.ts
FNF:0
FNH:0
DA:1,1
DA:2,1
DA:3,1
DA:4,1
DA:5,1
DA:6,1
DA:7,1
DA:8,1
DA:9,1
DA:10,1
DA:11,1
DA:12,1
DA:13,1
DA:14,1
DA:15,1
DA:16,1
DA:17,1
DA:18,1
DA:19,1
DA:20,1
DA:21,1
DA:22,1
DA:23,1
DA:24,1
DA:25,1
DA:26,1
DA:27,1
DA:28,1
DA:29,1
DA:30,1
DA:31,1
DA:32,1
DA:33,1
DA:34,1
DA:35,1
DA:36,1
DA:37,1
DA:38,1
DA:39,1
DA:40,1
DA:41,1
DA:42,1
DA:43,1
DA:44,1
DA:45,1
DA:46,1
DA:47,1
DA:48,1
DA:49,1
DA:50,1
DA:51,1
DA:52,1
DA:53,1
LF:53
LH:53
BRF:0
BRH:0
end_of_record
TN:
SF:hooks/use-color-scheme.ts
FN:1,useColorScheme
FNF:1
FNH:1
FNDA:351,useColorScheme
DA:1,1
DA:2,351
DA:3,351
LF:3
LH:3
BRDA:1,0,0,351
BRF:1
BRH:1
end_of_record
TN:
SF:hooks/use-theme-color.ts
FN:9,useThemeColor
FNF:1
FNH:1
FNDA:299,useThemeColor
DA:1,1
DA:2,1
DA:3,1
DA:4,1
DA:5,1
DA:6,1
DA:7,1
DA:8,1
DA:9,1
DA:10,299
DA:11,299
DA:12,299
DA:13,299
DA:14,299
DA:15,299
DA:16,299
DA:17,2
DA:18,299
DA:19,297
DA:20,297
DA:21,299
LF:21
LH:21
BRDA:9,0,0,299
BRDA:13,1,0,0
BRDA:16,2,0,2
BRDA:18,3,0,297
BRF:4
BRH:3
end_of_record
